<?xml version="1.0" encoding="UTF-8"?>
<!-- Generated by org.testng.reporters.JUnitXMLReporter -->
<testsuite ignored="0" hostname="infenix-PC" failures="0" tests="4" name="Default test" time="4.786" errors="0" timestamp="2024-07-15T16:06:11 EET">
  <testcase classname="TestTableEmployees.TestCases" name="InsertRowData" time="0.025"/>
  <testcase classname="TestTableEmployees.TestCases" name="UpdateRowData" time="0.004"/>
  <testcase classname="TestTableEmployees.TestCases" name="GetRowData" time="4.271"/>
  <testcase classname="TestTableEmployees.TestCases" name="DeleteRowData" time="0.004"/>
</testsuite> <!-- Default test -->
