<?xml version="1.0" encoding="UTF-8"?>
<testng-results ignored="0" total="4" passed="4" failed="0" skipped="0">
  <reporter-output>
  </reporter-output>
  <suite started-at="2024-07-15T16:06:06 EET" name="Default suite" finished-at="2024-07-15T16:06:11 EET" duration-ms="4786">
    <groups>
    </groups>
    <test started-at="2024-07-15T16:06:06 EET" name="Default test" finished-at="2024-07-15T16:06:11 EET" duration-ms="4786">
      <class name="TestTableEmployees.TestCases">
        <test-method is-config="true" signature="CallwaithDataBase()[pri:0, instance:TestTableEmployees.TestCases@6ca0256d]" started-at="2024-07-15T16:06:06 EET" name="CallwaithDataBase" finished-at="2024-07-15T16:06:07 EET" duration-ms="443" status="PASS">
          <reporter-output>
          </reporter-output>
        </test-method> <!-- CallwaithDataBase -->
        <test-method signature="InsertRowData()[pri:1, instance:TestTableEmployees.TestCases@6ca0256d]" started-at="2024-07-15T16:06:07 EET" name="InsertRowData" finished-at="2024-07-15T16:06:07 EET" duration-ms="25" status="PASS">
          <reporter-output>
          </reporter-output>
        </test-method> <!-- InsertRowData -->
        <test-method signature="UpdateRowData()[pri:2, instance:TestTableEmployees.TestCases@6ca0256d]" started-at="2024-07-15T16:06:07 EET" name="UpdateRowData" finished-at="2024-07-15T16:06:07 EET" duration-ms="4" status="PASS">
          <reporter-output>
          </reporter-output>
        </test-method> <!-- UpdateRowData -->
        <test-method signature="GetRowData()[pri:3, instance:TestTableEmployees.TestCases@6ca0256d]" started-at="2024-07-15T16:06:07 EET" name="GetRowData" finished-at="2024-07-15T16:06:11 EET" duration-ms="4271" status="PASS">
          <reporter-output>
          </reporter-output>
        </test-method> <!-- GetRowData -->
        <test-method signature="DeleteRowData()[pri:4, instance:TestTableEmployees.TestCases@6ca0256d]" started-at="2024-07-15T16:06:11 EET" name="DeleteRowData" finished-at="2024-07-15T16:06:11 EET" duration-ms="4" status="PASS">
          <reporter-output>
          </reporter-output>
        </test-method> <!-- DeleteRowData -->
      </class> <!-- TestTableEmployees.TestCases -->
    </test> <!-- Default test -->
  </suite> <!-- Default suite -->
</testng-results>
